WOULD_BE_TRIVIALLY_DEAD:        %1 = alloca i32, align 4
WOULD_BE_DEAD_ON_UNUSED_PATHS:  %1 = alloca i32, align 4
WOULD_BE_TRIVIALLY_DEAD:        %2 = alloca i32, align 4
WOULD_BE_DEAD_ON_UNUSED_PATHS:  %2 = alloca i32, align 4
WOULD_BE_TRIVIALLY_DEAD:        %3 = alloca i32, align 4
WOULD_BE_DEAD_ON_UNUSED_PATHS:  %3 = alloca i32, align 4
WOULD_BE_TRIVIALLY_DEAD:        %4 = alloca i32, align 4
WOULD_BE_DEAD_ON_UNUSED_PATHS:  %4 = alloca i32, align 4
WOULD_BE_TRIVIALLY_DEAD:        %5 = load i32, i32* %2, align 4
WOULD_BE_DEAD_ON_UNUSED_PATHS:  %5 = load i32, i32* %2, align 4
WOULD_BE_TRIVIALLY_DEAD:        %6 = load i32, i32* %3, align 4
WOULD_BE_DEAD_ON_UNUSED_PATHS:  %6 = load i32, i32* %3, align 4
WOULD_BE_TRIVIALLY_DEAD:        %8 = load i32, i32* %4, align 4
WOULD_BE_DEAD_ON_UNUSED_PATHS:  %8 = load i32, i32* %4, align 4
WOULD_BE_TRIVIALLY_DEAD:        %3 = alloca i32, align 4
WOULD_BE_DEAD_ON_UNUSED_PATHS:  %3 = alloca i32, align 4
WOULD_BE_TRIVIALLY_DEAD:        %4 = alloca i32, align 4
WOULD_BE_DEAD_ON_UNUSED_PATHS:  %4 = alloca i32, align 4
WOULD_BE_TRIVIALLY_DEAD:        %5 = alloca i32, align 4
WOULD_BE_DEAD_ON_UNUSED_PATHS:  %5 = alloca i32, align 4
WOULD_BE_TRIVIALLY_DEAD:        %6 = load i32, i32* %5, align 4
WOULD_BE_DEAD_ON_UNUSED_PATHS:  %6 = load i32, i32* %5, align 4
WOULD_BE_TRIVIALLY_DEAD:        %7 = icmp ne i32 %6, 0
WOULD_BE_DEAD_ON_UNUSED_PATHS:  %7 = icmp ne i32 %6, 0
WOULD_BE_TRIVIALLY_DEAD:        %9 = load i32, i32* %4, align 4
WOULD_BE_DEAD_ON_UNUSED_PATHS:  %9 = load i32, i32* %4, align 4
WOULD_BE_TRIVIALLY_DEAD:        %10 = load i32, i32* %4, align 4
WOULD_BE_DEAD_ON_UNUSED_PATHS:  %10 = load i32, i32* %4, align 4
WOULD_BE_TRIVIALLY_DEAD:        %11 = load i32, i32* %5, align 4
WOULD_BE_DEAD_ON_UNUSED_PATHS:  %11 = load i32, i32* %5, align 4
WOULD_BE_TRIVIALLY_DEAD:        %12 = sub nsw i32 %11, 1
WOULD_BE_DEAD_ON_UNUSED_PATHS:  %12 = sub nsw i32 %11, 1
WOULD_BE_TRIVIALLY_DEAD:        %14 = mul nsw i32 %9, %13
WOULD_BE_DEAD_ON_UNUSED_PATHS:  %14 = mul nsw i32 %9, %13
WOULD_BE_TRIVIALLY_DEAD:        %17 = load i32, i32* %3, align 4
WOULD_BE_DEAD_ON_UNUSED_PATHS:  %17 = load i32, i32* %3, align 4
