WOULD_BE_TRIVIALLY_DEAD:        %2 = alloca i32, align 4
WOULD_BE_DEAD_ON_UNUSED_PATHS:  %2 = alloca i32, align 4
WOULD_BE_TRIVIALLY_DEAD:        %3 = alloca i32, align 4
WOULD_BE_DEAD_ON_UNUSED_PATHS:  %3 = alloca i32, align 4
WOULD_BE_TRIVIALLY_DEAD:        %4 = alloca i32, align 4
WOULD_BE_DEAD_ON_UNUSED_PATHS:  %4 = alloca i32, align 4
WOULD_BE_TRIVIALLY_DEAD:        %5 = alloca i32, align 4
WOULD_BE_DEAD_ON_UNUSED_PATHS:  %5 = alloca i32, align 4
WOULD_BE_TRIVIALLY_DEAD:        %7 = load i32, i32* %4, align 4
WOULD_BE_DEAD_ON_UNUSED_PATHS:  %7 = load i32, i32* %4, align 4
WOULD_BE_TRIVIALLY_DEAD:        %8 = icmp slt i32 %7, 1000000000
WOULD_BE_DEAD_ON_UNUSED_PATHS:  %8 = icmp slt i32 %7, 1000000000
WOULD_BE_TRIVIALLY_DEAD:        %10 = load i32, i32* %4, align 4
WOULD_BE_DEAD_ON_UNUSED_PATHS:  %10 = load i32, i32* %4, align 4
WOULD_BE_TRIVIALLY_DEAD:        %11 = load i32, i32* %4, align 4
WOULD_BE_DEAD_ON_UNUSED_PATHS:  %11 = load i32, i32* %4, align 4
WOULD_BE_TRIVIALLY_DEAD:        %12 = add nsw i32 %10, %11
WOULD_BE_DEAD_ON_UNUSED_PATHS:  %12 = add nsw i32 %10, %11
WOULD_BE_TRIVIALLY_DEAD:        %14 = load i32, i32* %4, align 4
WOULD_BE_DEAD_ON_UNUSED_PATHS:  %14 = load i32, i32* %4, align 4
WOULD_BE_TRIVIALLY_DEAD:        %15 = add nsw i32 %14, 1
WOULD_BE_DEAD_ON_UNUSED_PATHS:  %15 = add nsw i32 %14, 1
WOULD_BE_TRIVIALLY_DEAD:        %17 = load i32, i32* %2, align 4
WOULD_BE_DEAD_ON_UNUSED_PATHS:  %17 = load i32, i32* %2, align 4
WOULD_BE_TRIVIALLY_DEAD:        %18 = add nsw i32 %17, 4
WOULD_BE_DEAD_ON_UNUSED_PATHS:  %18 = add nsw i32 %17, 4
WOULD_BE_TRIVIALLY_DEAD:        %1 = alloca i32, align 4
WOULD_BE_DEAD_ON_UNUSED_PATHS:  %1 = alloca i32, align 4
